<?xml version="1.0" encoding="UTF-8"?>
<testsuite xmlns:xsi="http://www.w3.org/2001/XMLSchema-instance" xsi:noNamespaceSchemaLocation="https://maven.apache.org/surefire/maven-surefire-plugin/xsd/surefire-test-report-3.0.xsd" version="3.0" name="com.mycompany.myapp.config.WebConfigurerTest" time="1.161" tests="4" errors="0" skipped="0" failures="0">
  <properties>
[...]
</properties>
  <testcase name="shouldCorsFilterOnOtherPath" classname="com.mycompany.myapp.config.WebConfigurerTest" time="1.123">
    <system-out><![CDATA[2023-12-11 00:55:48.914 DEBUG   --- [           main] com.tngtech.archunit.ArchConfiguration   : No configuration found in classpath at archunit.properties => Using default configuration
2023-12-11 00:55:49.798 DEBUG   --- [           main] org.jboss.logging                        : Logging Provider: org.jboss.logging.Log4j2LoggerProvider
2023-12-11 00:55:49.981 DEBUG   --- [           main] _.s.web.servlet.HandlerMapping.Mappings  : 
	c.m.m.c.WebConfigurerTestController:
	{GET [/api/test-cors]}: testCorsOnApiPath()
	{GET [/test/test-cors]}: testCorsOnOtherPath()
]]></system-out>
  </testcase>
  <testcase name="shouldCorsFilterOnApiPath" classname="com.mycompany.myapp.config.WebConfigurerTest" time="0.01">
    <system-out><![CDATA[2023-12-11 00:55:50.285 DEBUG   --- [           main] _.s.web.servlet.HandlerMapping.Mappings  : 
	c.m.m.c.WebConfigurerTestController:
	{GET [/api/test-cors]}: testCorsOnApiPath()
	{GET [/test/test-cors]}: testCorsOnOtherPath()
]]></system-out>
  </testcase>
  <testcase name="shouldCorsFilterDeactivatedForNullAllowedOrigins" classname="com.mycompany.myapp.config.WebConfigurerTest" time="0.008">
    <system-out><![CDATA[2023-12-11 00:55:50.296 DEBUG   --- [           main] _.s.web.servlet.HandlerMapping.Mappings  : 
	c.m.m.c.WebConfigurerTestController:
	{GET [/api/test-cors]}: testCorsOnApiPath()
	{GET [/test/test-cors]}: testCorsOnOtherPath()
]]></system-out>
  </testcase>
  <testcase name="shouldCorsFilterDeactivatedForEmptyAllowedOrigins" classname="com.mycompany.myapp.config.WebConfigurerTest" time="0.009">
    <system-out><![CDATA[2023-12-11 00:55:50.304 DEBUG   --- [           main] _.s.web.servlet.HandlerMapping.Mappings  : 
	c.m.m.c.WebConfigurerTestController:
	{GET [/api/test-cors]}: testCorsOnApiPath()
	{GET [/test/test-cors]}: testCorsOnOtherPath()
]]></system-out>
  </testcase>
</testsuite>